ShareIt/app/build/intermediates/manifest_merge_blame_file/debug/manifest-merger-blame-debug-report.txt
1<?xml version="1.0" encoding="utf-8"?>
2<manifest xmlns:android="http://schemas.android.com/apk/res/android"
3    package="fr.univ_reims.informatique.islam.shareit"
4    android:versionCode="1"
5    android:versionName="1.0" >
6
7    <uses-sdk
8        android:minSdkVersion="27"
8-->src\main\AndroidManifest.xml
9        android:targetSdkVersion="33" />
9-->src\main\AndroidManifest.xml
10
11    <uses-feature android:name="android.hardware.camera" />
11-->src\main\AndroidManifest.xml:6:5-60
11-->src\main\AndroidManifest.xml:6:19-57
12    <uses-feature
12-->src\main\AndroidManifest.xml:7:5-9:36
13        android:name="android.hardware.telephony"
13-->src\main\AndroidManifest.xml:8:9-50
14        android:required="false" />
14-->src\main\AndroidManifest.xml:9:9-33
15    <!-- Permission -->
16    <uses-permission android:name="android.permission.WRITE_EXTERNAL_STORAGE" />
16-->src\main\AndroidManifest.xml:11:5-13:40
16-->src\main\AndroidManifest.xml:12:9-65
17    <uses-permission android:name="android.permission.READ_EXTERNAL_STORAGE" />
17-->src\main\AndroidManifest.xml:14:5-80
17-->src\main\AndroidManifest.xml:14:22-77
18    <uses-permission android:name="android.permission.CAMERA" />
18-->src\main\AndroidManifest.xml:15:5-65
18-->src\main\AndroidManifest.xml:15:22-62
19    <uses-permission android:name="android.permission.ACCESS_WIFI_STATE" />
19-->src\main\AndroidManifest.xml:16:5-76
19-->src\main\AndroidManifest.xml:16:22-73
20    <uses-permission android:name="android.permission.ACCESS_NETWORK_STATE" />
20-->src\main\AndroidManifest.xml:17:5-79
20-->src\main\AndroidManifest.xml:17:22-76
21    <uses-permission android:name="android.permission.INTERNET" />
21-->src\main\AndroidManifest.xml:18:5-67
21-->src\main\AndroidManifest.xml:18:22-64
22    <uses-permission android:name="android.permission.SEND_SMS" />
22-->src\main\AndroidManifest.xml:19:5-67
22-->src\main\AndroidManifest.xml:19:22-64
23    <uses-permission android:name="android.permission.READ_SMS" />
23-->src\main\AndroidManifest.xml:20:5-66
23-->src\main\AndroidManifest.xml:20:22-64
24    <uses-permission android:name="android.permission.READ_PHONE_STATE" />
24-->src\main\AndroidManifest.xml:21:5-74
24-->src\main\AndroidManifest.xml:21:22-72
25    <uses-permission android:name="android.permission.READ_CONTACTS" />
25-->src\main\AndroidManifest.xml:22:5-72
25-->src\main\AndroidManifest.xml:22:22-69
26    <uses-permission android:name="android.permission.RECEIVE_SMS" />
26-->src\main\AndroidManifest.xml:23:5-69
26-->src\main\AndroidManifest.xml:23:22-67
27
28    <!-- Permission will be merged into the manifest of the hosting app. -->
29    <!-- Is required to launch foreground extraction service for targetSdkVersion 28+. -->
30    <uses-permission android:name="android.permission.FOREGROUND_SERVICE" /> <!-- Application -->
30-->[com.google.android.play:core:1.10.3] AndroidManifest.xml:13:5-77
30-->[com.google.android.play:core:1.10.3] AndroidManifest.xml:13:22-74
31    <application
31-->src\main\AndroidManifest.xml:25:5-116:19
32        android:allowBackup="true"
32-->src\main\AndroidManifest.xml:26:9-35
33        android:appComponentFactory="androidx.core.app.CoreComponentFactory"
33-->[androidx.core:core:1.8.0] AndroidManifest.xml:24:18-86
34        android:dataExtractionRules="@xml/data_extraction_rules"
34-->src\main\AndroidManifest.xml:27:9-65
35        android:debuggable="true"
36        android:extractNativeLibs="false"
37        android:fullBackupContent="@xml/backup_rules"
37-->src\main\AndroidManifest.xml:28:9-54
38        android:icon="@mipmap/ic_launcher"
38-->src\main\AndroidManifest.xml:29:9-43
39        android:label="@string/app_name"
39-->src\main\AndroidManifest.xml:30:9-41
40        android:roundIcon="@mipmap/ic_launcher_round"
40-->src\main\AndroidManifest.xml:31:9-54
41        android:supportsRtl="true"
41-->src\main\AndroidManifest.xml:32:9-35
42        android:theme="@style/Theme.ShareIt"
42-->src\main\AndroidManifest.xml:33:9-45
43        android:usesCleartextTraffic="true" >
43-->src\main\AndroidManifest.xml:34:9-44
44        <activity
44-->src\main\AndroidManifest.xml:36:9-42:20
45            android:name="fr.univ_reims.informatique.islam.shareit.vue.activity.MessageActivity"
45-->src\main\AndroidManifest.xml:37:13-57
46            android:exported="false" >
46-->src\main\AndroidManifest.xml:38:13-37
47            <meta-data
47-->src\main\AndroidManifest.xml:39:13-41:36
48                android:name="android.app.lib_name"
48-->src\main\AndroidManifest.xml:40:17-52
49                android:value="" />
49-->src\main\AndroidManifest.xml:41:17-33
50        </activity>
51        <activity
51-->src\main\AndroidManifest.xml:43:9-49:20
52            android:name="fr.univ_reims.informatique.islam.shareit.vue.activity.PhotoActivity"
52-->src\main\AndroidManifest.xml:44:13-55
53            android:exported="false" >
53-->src\main\AndroidManifest.xml:45:13-37
54            <meta-data
54-->src\main\AndroidManifest.xml:39:13-41:36
55                android:name="android.app.lib_name"
55-->src\main\AndroidManifest.xml:40:17-52
56                android:value="" />
56-->src\main\AndroidManifest.xml:41:17-33
57        </activity>
58        <activity
58-->src\main\AndroidManifest.xml:50:9-56:20
59            android:name="fr.univ_reims.informatique.islam.shareit.vue.activity.ContactActivity"
59-->src\main\AndroidManifest.xml:51:13-57
60            android:exported="false" >
60-->src\main\AndroidManifest.xml:52:13-37
61            <meta-data
61-->src\main\AndroidManifest.xml:39:13-41:36
62                android:name="android.app.lib_name"
62-->src\main\AndroidManifest.xml:40:17-52
63                android:value="" />
63-->src\main\AndroidManifest.xml:41:17-33
64        </activity>
65        <activity
65-->src\main\AndroidManifest.xml:57:9-63:20
66            android:name="fr.univ_reims.informatique.islam.shareit.vue.activity.HomeActivity"
66-->src\main\AndroidManifest.xml:58:13-54
67            android:exported="false" >
67-->src\main\AndroidManifest.xml:59:13-37
68            <meta-data
68-->src\main\AndroidManifest.xml:39:13-41:36
69                android:name="android.app.lib_name"
69-->src\main\AndroidManifest.xml:40:17-52
70                android:value="" />
70-->src\main\AndroidManifest.xml:41:17-33
71        </activity>
72        <activity
72-->src\main\AndroidManifest.xml:64:9-71:20
73            android:name="fr.univ_reims.informatique.islam.shareit.vue.activity.InterfaceActivity"
73-->src\main\AndroidManifest.xml:65:13-59
74            android:exported="true" >
74-->src\main\AndroidManifest.xml:66:13-36
75            <meta-data
75-->src\main\AndroidManifest.xml:39:13-41:36
76                android:name="android.app.lib_name"
76-->src\main\AndroidManifest.xml:40:17-52
77                android:value="" />
77-->src\main\AndroidManifest.xml:41:17-33
78        </activity>
79        <activity
79-->src\main\AndroidManifest.xml:72:9-84:20
80            android:name="fr.univ_reims.informatique.islam.shareit.vue.activity.SplashScreenActivity"
80-->src\main\AndroidManifest.xml:73:13-62
81            android:exported="true" >
81-->src\main\AndroidManifest.xml:74:13-36
82            <intent-filter>
82-->src\main\AndroidManifest.xml:75:13-79:29
83                <action android:name="android.intent.action.MAIN" />
83-->src\main\AndroidManifest.xml:76:17-69
83-->src\main\AndroidManifest.xml:76:25-66
84
85                <category android:name="android.intent.category.LAUNCHER" />
85-->src\main\AndroidManifest.xml:78:17-77
85-->src\main\AndroidManifest.xml:78:27-74
86            </intent-filter>
87
88            <meta-data
88-->src\main\AndroidManifest.xml:39:13-41:36
89                android:name="android.app.lib_name"
89-->src\main\AndroidManifest.xml:40:17-52
90                android:value="" />
90-->src\main\AndroidManifest.xml:41:17-33
91        </activity>
92        <activity
92-->src\main\AndroidManifest.xml:85:9-91:20
93            android:name="fr.univ_reims.informatique.islam.shareit.vue.activity.RegistrationActivity"
93-->src\main\AndroidManifest.xml:86:13-62
94            android:exported="false" >
94-->src\main\AndroidManifest.xml:87:13-37
95            <meta-data
95-->src\main\AndroidManifest.xml:39:13-41:36
96                android:name="android.app.lib_name"
96-->src\main\AndroidManifest.xml:40:17-52
97                android:value="" />
97-->src\main\AndroidManifest.xml:41:17-33
98        </activity>
99        <activity
99-->src\main\AndroidManifest.xml:92:9-98:20
100            android:name="fr.univ_reims.informatique.islam.shareit.vue.activity.MainActivity"
100-->src\main\AndroidManifest.xml:93:13-54
101            android:exported="true" >
101-->src\main\AndroidManifest.xml:94:13-36
102            <meta-data
102-->src\main\AndroidManifest.xml:39:13-41:36
103                android:name="android.app.lib_name"
103-->src\main\AndroidManifest.xml:40:17-52
104                android:value="" />
104-->src\main\AndroidManifest.xml:41:17-33
105        </activity>
106
107        <provider
107-->src\main\AndroidManifest.xml:100:9-108:20
108            android:name="androidx.core.content.FileProvider"
108-->src\main\AndroidManifest.xml:101:13-62
109            android:authorities="$(applicationId).fileprovider"
109-->src\main\AndroidManifest.xml:102:13-64
110            android:exported="false"
110-->src\main\AndroidManifest.xml:103:13-37
111            android:grantUriPermissions="true" >
111-->src\main\AndroidManifest.xml:104:13-47
112            <meta-data
112-->src\main\AndroidManifest.xml:105:13-107:58
113                android:name="android.support.FILE_PROVIDER_PATHS"
113-->src\main\AndroidManifest.xml:106:17-67
114                android:resource="@xml/provider_paths" />
114-->src\main\AndroidManifest.xml:107:17-55
115        </provider>
116
117        <receiver
117-->src\main\AndroidManifest.xml:109:9-115:20
118            android:name="fr.univ_reims.informatique.islam.shareit.modele.SMS"
118-->src\main\AndroidManifest.xml:109:19-45
119            android:exported="true"
119-->src\main\AndroidManifest.xml:110:13-36
120            android:permission="android.permission.BROADCAST_SMS" >
120-->src\main\AndroidManifest.xml:111:13-66
121            <intent-filter>
121-->src\main\AndroidManifest.xml:112:13-114:29
122                <action android:name="android.provider.Telephony.SMS_RECEIVED" />
122-->src\main\AndroidManifest.xml:113:17-81
122-->src\main\AndroidManifest.xml:113:25-79
123            </intent-filter>
124        </receiver>
125
126        <activity
126-->[com.google.firebase:firebase-auth:21.1.0] AndroidManifest.xml:27:9-44:20
127            android:name="com.google.firebase.auth.internal.GenericIdpActivity"
127-->[com.google.firebase:firebase-auth:21.1.0] AndroidManifest.xml:28:13-80
128            android:excludeFromRecents="true"
128-->[com.google.firebase:firebase-auth:21.1.0] AndroidManifest.xml:29:13-46
129            android:exported="true"
129-->[com.google.firebase:firebase-auth:21.1.0] AndroidManifest.xml:30:13-36
130            android:launchMode="singleTask"
130-->[com.google.firebase:firebase-auth:21.1.0] AndroidManifest.xml:31:13-44
131            android:theme="@android:style/Theme.Translucent.NoTitleBar" >
131-->[com.google.firebase:firebase-auth:21.1.0] AndroidManifest.xml:32:13-72
132            <intent-filter>
132-->[com.google.firebase:firebase-auth:21.1.0] AndroidManifest.xml:33:13-43:29
133                <action android:name="android.intent.action.VIEW" />
133-->[com.google.firebase:firebase-auth:21.1.0] AndroidManifest.xml:34:17-69
133-->[com.google.firebase:firebase-auth:21.1.0] AndroidManifest.xml:34:25-66
134
135                <category android:name="android.intent.category.DEFAULT" />
135-->[com.google.firebase:firebase-auth:21.1.0] AndroidManifest.xml:36:17-76
135-->[com.google.firebase:firebase-auth:21.1.0] AndroidManifest.xml:36:27-73
136                <category android:name="android.intent.category.BROWSABLE" />
136-->[com.google.firebase:firebase-auth:21.1.0] AndroidManifest.xml:37:17-78
136-->[com.google.firebase:firebase-auth:21.1.0] AndroidManifest.xml:37:27-75
137
138                <data
138-->[com.google.firebase:firebase-auth:21.1.0] AndroidManifest.xml:39:17-42:51
139                    android:host="firebase.auth"
139-->[com.google.firebase:firebase-auth:21.1.0] AndroidManifest.xml:40:21-49
140                    android:path="/"
140-->[com.google.firebase:firebase-auth:21.1.0] AndroidManifest.xml:41:21-37
141                    android:scheme="genericidp" />
141-->[com.google.firebase:firebase-auth:21.1.0] AndroidManifest.xml:42:21-48
142            </intent-filter>
143        </activity>
144        <activity
144-->[com.google.firebase:firebase-auth:21.1.0] AndroidManifest.xml:45:9-62:20
145            android:name="com.google.firebase.auth.internal.RecaptchaActivity"
145-->[com.google.firebase:firebase-auth:21.1.0] AndroidManifest.xml:46:13-79
146            android:excludeFromRecents="true"
146-->[com.google.firebase:firebase-auth:21.1.0] AndroidManifest.xml:47:13-46
147            android:exported="true"
147-->[com.google.firebase:firebase-auth:21.1.0] AndroidManifest.xml:48:13-36
148            android:launchMode="singleTask"
148-->[com.google.firebase:firebase-auth:21.1.0] AndroidManifest.xml:49:13-44
149            android:theme="@android:style/Theme.Translucent.NoTitleBar" >
149-->[com.google.firebase:firebase-auth:21.1.0] AndroidManifest.xml:50:13-72
150            <intent-filter>
150-->[com.google.firebase:firebase-auth:21.1.0] AndroidManifest.xml:51:13-61:29
151                <action android:name="android.intent.action.VIEW" />
151-->[com.google.firebase:firebase-auth:21.1.0] AndroidManifest.xml:34:17-69
151-->[com.google.firebase:firebase-auth:21.1.0] AndroidManifest.xml:34:25-66
152
153                <category android:name="android.intent.category.DEFAULT" />
153-->[com.google.firebase:firebase-auth:21.1.0] AndroidManifest.xml:36:17-76
153-->[com.google.firebase:firebase-auth:21.1.0] AndroidManifest.xml:36:27-73
154                <category android:name="android.intent.category.BROWSABLE" />
154-->[com.google.firebase:firebase-auth:21.1.0] AndroidManifest.xml:37:17-78
154-->[com.google.firebase:firebase-auth:21.1.0] AndroidManifest.xml:37:27-75
155
156                <data
156-->[com.google.firebase:firebase-auth:21.1.0] AndroidManifest.xml:39:17-42:51
157                    android:host="firebase.auth"
157-->[com.google.firebase:firebase-auth:21.1.0] AndroidManifest.xml:40:21-49
158                    android:path="/"
158-->[com.google.firebase:firebase-auth:21.1.0] AndroidManifest.xml:41:21-37
159                    android:scheme="recaptcha" />
159-->[com.google.firebase:firebase-auth:21.1.0] AndroidManifest.xml:42:21-48
160            </intent-filter>
161        </activity>
162
163        <service
163-->[com.google.firebase:firebase-auth:21.1.0] AndroidManifest.xml:64:9-70:19
164            android:name="com.google.firebase.components.ComponentDiscoveryService"
164-->[com.google.firebase:firebase-auth:21.1.0] AndroidManifest.xml:65:13-84
165            android:directBootAware="true"
165-->[com.google.firebase:firebase-common:20.2.0] AndroidManifest.xml:34:13-43
166            android:exported="false" >
166-->[com.google.firebase:firebase-auth:21.1.0] AndroidManifest.xml:66:13-37
167            <meta-data
167-->[com.google.firebase:firebase-auth:21.1.0] AndroidManifest.xml:67:13-69:85
168                android:name="com.google.firebase.components:com.google.firebase.auth.FirebaseAuthRegistrar"
168-->[com.google.firebase:firebase-auth:21.1.0] AndroidManifest.xml:68:17-109
169                android:value="com.google.firebase.components.ComponentRegistrar" />
169-->[com.google.firebase:firebase-auth:21.1.0] AndroidManifest.xml:69:17-82
170            <meta-data
170-->[com.google.firebase:firebase-database:20.1.0] AndroidManifest.xml:31:13-33:85
171                android:name="com.google.firebase.components:com.google.firebase.database.DatabaseRegistrar"
171-->[com.google.firebase:firebase-database:20.1.0] AndroidManifest.xml:32:17-109
172                android:value="com.google.firebase.components.ComponentRegistrar" />
172-->[com.google.firebase:firebase-database:20.1.0] AndroidManifest.xml:33:17-82
173        </service>
174
175        <activity
175-->[com.google.android.gms:play-services-base:18.0.1] AndroidManifest.xml:20:9-22:45
176            android:name="com.google.android.gms.common.api.GoogleApiActivity"
176-->[com.google.android.gms:play-services-base:18.0.1] AndroidManifest.xml:20:19-85
177            android:exported="false"
177-->[com.google.android.gms:play-services-base:18.0.1] AndroidManifest.xml:22:19-43
178            android:theme="@android:style/Theme.Translucent.NoTitleBar" />
178-->[com.google.android.gms:play-services-base:18.0.1] AndroidManifest.xml:21:19-78
179
180        <provider
180-->[com.google.firebase:firebase-common:20.2.0] AndroidManifest.xml:25:9-30:39
181            android:name="com.google.firebase.provider.FirebaseInitProvider"
181-->[com.google.firebase:firebase-common:20.2.0] AndroidManifest.xml:26:13-77
182            android:authorities="fr.univ_reims.informatique.islam.shareit.firebaseinitprovider"
182-->[com.google.firebase:firebase-common:20.2.0] AndroidManifest.xml:27:13-72
183            android:directBootAware="true"
183-->[com.google.firebase:firebase-common:20.2.0] AndroidManifest.xml:28:13-43
184            android:exported="false"
184-->[com.google.firebase:firebase-common:20.2.0] AndroidManifest.xml:29:13-37
185            android:initOrder="100" />
185-->[com.google.firebase:firebase-common:20.2.0] AndroidManifest.xml:30:13-36
186
187        <meta-data
187-->[com.google.android.gms:play-services-basement:18.1.0] AndroidManifest.xml:21:9-23:69
188            android:name="com.google.android.gms.version"
188-->[com.google.android.gms:play-services-basement:18.1.0] AndroidManifest.xml:22:13-58
189            android:value="@integer/google_play_services_version" />
189-->[com.google.android.gms:play-services-basement:18.1.0] AndroidManifest.xml:23:13-66
190
191        <provider
191-->[androidx.emoji2:emoji2:1.2.0] AndroidManifest.xml:24:9-32:20
192            android:name="androidx.startup.InitializationProvider"
192-->[androidx.emoji2:emoji2:1.2.0] AndroidManifest.xml:25:13-67
193            android:authorities="fr.univ_reims.informatique.islam.shareit.androidx-startup"
193-->[androidx.emoji2:emoji2:1.2.0] AndroidManifest.xml:26:13-68
194            android:exported="false" >
194-->[androidx.emoji2:emoji2:1.2.0] AndroidManifest.xml:27:13-37
195            <meta-data
195-->[androidx.emoji2:emoji2:1.2.0] AndroidManifest.xml:29:13-31:52
196                android:name="androidx.emoji2.text.EmojiCompatInitializer"
196-->[androidx.emoji2:emoji2:1.2.0] AndroidManifest.xml:30:17-75
197                android:value="androidx.startup" />
197-->[androidx.emoji2:emoji2:1.2.0] AndroidManifest.xml:31:17-49
198            <meta-data
198-->[androidx.lifecycle:lifecycle-process:2.4.1] AndroidManifest.xml:31:13-33:52
199                android:name="androidx.lifecycle.ProcessLifecycleInitializer"
199-->[androidx.lifecycle:lifecycle-process:2.4.1] AndroidManifest.xml:32:17-78
200                android:value="androidx.startup" />
200-->[androidx.lifecycle:lifecycle-process:2.4.1] AndroidManifest.xml:33:17-49
201        </provider>
202
203        <uses-library
203-->[androidx.window:window:1.0.0] AndroidManifest.xml:25:9-27:40
204            android:name="androidx.window.extensions"
204-->[androidx.window:window:1.0.0] AndroidManifest.xml:26:13-54
205            android:required="false" />
205-->[androidx.window:window:1.0.0] AndroidManifest.xml:27:13-37
206        <uses-library
206-->[androidx.window:window:1.0.0] AndroidManifest.xml:28:9-30:40
207            android:name="androidx.window.sidecar"
207-->[androidx.window:window:1.0.0] AndroidManifest.xml:29:13-51
208            android:required="false" /> <!-- The activities will be merged into the manifest of the hosting app. -->
208-->[androidx.window:window:1.0.0] AndroidManifest.xml:30:13-37
209        <activity
209-->[com.google.android.play:core:1.10.3] AndroidManifest.xml:18:9-24:45
210            android:name="com.google.android.play.core.missingsplits.PlayCoreMissingSplitsActivity"
210-->[com.google.android.play:core:1.10.3] AndroidManifest.xml:19:13-100
211            android:enabled="false"
211-->[com.google.android.play:core:1.10.3] AndroidManifest.xml:20:13-36
212            android:exported="false"
212-->[com.google.android.play:core:1.10.3] AndroidManifest.xml:21:13-37
213            android:launchMode="singleInstance"
213-->[com.google.android.play:core:1.10.3] AndroidManifest.xml:22:13-48
214            android:process=":playcore_missing_splits_activity"
214-->[com.google.android.play:core:1.10.3] AndroidManifest.xml:23:13-64
215            android:stateNotNeeded="true" />
215-->[com.google.android.play:core:1.10.3] AndroidManifest.xml:24:13-42
216        <activity
216-->[com.google.android.play:core:1.10.3] AndroidManifest.xml:25:9-29:65
217            android:name="com.google.android.play.core.common.PlayCoreDialogWrapperActivity"
217-->[com.google.android.play:core:1.10.3] AndroidManifest.xml:26:13-93
218            android:exported="false"
218-->[com.google.android.play:core:1.10.3] AndroidManifest.xml:27:13-37
219            android:stateNotNeeded="true"
219-->[com.google.android.play:core:1.10.3] AndroidManifest.xml:28:13-42
220            android:theme="@style/Theme.PlayCore.Transparent" /> <!-- The services will be merged into the manifest of the hosting app. -->
220-->[com.google.android.play:core:1.10.3] AndroidManifest.xml:29:13-62
221        <service
221-->[com.google.android.play:core:1.10.3] AndroidManifest.xml:32:9-39:19
222            android:name="com.google.android.play.core.assetpacks.AssetPackExtractionService"
222-->[com.google.android.play:core:1.10.3] AndroidManifest.xml:33:13-94
223            android:enabled="false"
223-->[com.google.android.play:core:1.10.3] AndroidManifest.xml:34:13-36
224            android:exported="true" >
224-->[com.google.android.play:core:1.10.3] AndroidManifest.xml:35:13-36
225            <meta-data
225-->[com.google.android.play:core:1.10.3] AndroidManifest.xml:36:13-38:41
226                android:name="com.google.android.play.core.assetpacks.versionCode"
226-->[com.google.android.play:core:1.10.3] AndroidManifest.xml:37:17-83
227                android:value="11003" />
227-->[com.google.android.play:core:1.10.3] AndroidManifest.xml:38:17-38
228        </service>
229        <service
229-->[com.google.android.play:core:1.10.3] AndroidManifest.xml:40:9-43:40
230            android:name="com.google.android.play.core.assetpacks.ExtractionForegroundService"
230-->[com.google.android.play:core:1.10.3] AndroidManifest.xml:41:13-95
231            android:enabled="false"
231-->[com.google.android.play:core:1.10.3] AndroidManifest.xml:42:13-36
232            android:exported="false" />
232-->[com.google.android.play:core:1.10.3] AndroidManifest.xml:43:13-37
233    </application>
234
235</manifest>